::1 - - [09/Jul/2021:18:52:48 +0000] "GET / HTTP/1.1" 404 139
::1 - - [09/Jul/2021:18:52:57 +0000] "GET / HTTP/1.1" 404 139
::1 - - [09/Jul/2021:18:53:02 +0000] "GET /recipe HTTP/1.1" 304 -
::1 - - [09/Jul/2021:18:53:16 +0000] "GET / HTTP/1.1" 404 139
::1 - - [09/Jul/2021:18:56:09 +0000] "GET / HTTP/1.1" - -
::1 - - [09/Jul/2021:18:56:20 +0000] "GET / HTTP/1.1" - -
::1 - - [09/Jul/2021:18:56:49 +0000] "GET /recipe HTTP/1.1" 304 -
::1 - - [09/Jul/2021:18:56:51 +0000] "GET /recipe HTTP/1.1" 304 -
::1 - - [09/Jul/2021:18:56:54 +0000] "GET / HTTP/1.1" 404 139
::1 - - [09/Jul/2021:18:57:44 +0000] "GET /recipe HTTP/1.1" 304 -
::1 - - [09/Jul/2021:18:57:49 +0000] "GET /user HTTP/1.1" 200 15
::1 - - [09/Jul/2021:18:58:42 +0000] "GET /user HTTP/1.1" 304 -
::1 - - [09/Jul/2021:19:00:06 +0000] "GET /user?admin=true HTTP/1.1" 200 15
::1 - - [09/Jul/2021:19:00:10 +0000] "GET /user?admin=false HTTP/1.1" 200 15
::1 - - [09/Jul/2021:19:00:16 +0000] "GET /user?admin=NAN HTTP/1.1" 200 15
::1 - - [09/Jul/2021:19:00:30 +0000] "GET /user?admin=NAN HTTP/1.1" 500 2160
::1 - - [09/Jul/2021:19:00:42 +0000] "GET /user?admin=NAN HTTP/1.1" 200 15
::1 - - [09/Jul/2021:19:01:32 +0000] "GET /user?admin=true HTTP/1.1" 304 -
::1 - - [09/Jul/2021:19:02:57 +0000] "GET /user?admin=true HTTP/1.1" 500 2137
::1 - - [09/Jul/2021:19:03:15 +0000] "GET /user?admin=true HTTP/1.1" 200 13
::1 - - [09/Jul/2021:19:03:21 +0000] "GET /user?admin=true HTTP/1.1" 304 -
::1 - - [09/Jul/2021:19:03:29 +0000] "GET /user?admin=true HTTP/1.1" 304 -
::1 - - [09/Jul/2021:19:04:18 +0000] "GET /user?admin=true HTTP/1.1" 304 -
::1 - - [09/Jul/2021:19:04:36 +0000] "GET /user?admin=false HTTP/1.1" 200 18
::1 - - [09/Jul/2021:19:05:00 +0000] "GET /user?admin=false HTTP/1.1" 304 -
::ffff:127.0.0.1 - - [09/Jul/2021:19:05:09 +0000] "GET /user?admin=true HTTP/1.1" 304 -
::1 - - [09/Jul/2021:19:06:35 +0000] "GET /user?admin=true HTTP/1.1" 304 -
::1 - - [09/Jul/2021:19:06:38 +0000] "GET /user?admin=false HTTP/1.1" 304 -
::1 - - [09/Jul/2021:19:06:41 +0000] "GET /user?admin=hekj HTTP/1.1" 200 18
::1 - - [09/Jul/2021:19:07:26 +0000] "GET /user?admin=hekj HTTP/1.1" 200 34
::1 - - [09/Jul/2021:19:07:47 +0000] "GET /user?admin=hekj HTTP/1.1" 500 2146
::1 - - [09/Jul/2021:19:07:53 +0000] "GET /user?admin=hekj HTTP/1.1" 500 2146
::1 - - [09/Jul/2021:19:07:54 +0000] "GET /user?admin=hekj HTTP/1.1" 500 2146
::1 - - [09/Jul/2021:19:07:56 +0000] "GET /user?admin=hekj HTTP/1.1" 500 2146
::1 - - [09/Jul/2021:19:08:19 +0000] "GET /user?admin=hekj HTTP/1.1" 200 23
::1 - - [09/Jul/2021:19:08:33 +0000] "GET /user?admin=hekj HTTP/1.1" 200 20
::1 - - [09/Jul/2021:19:08:48 +0000] "GET /user?admin=hekj HTTP/1.1" 200 23
::1 - - [09/Jul/2021:19:09:20 +0000] "GET /recipe HTTP/1.1" 304 -
::1 - - [09/Jul/2021:19:12:24 +0000] "GET /recipe HTTP/1.1" 404 2118
::1 - - [09/Jul/2021:19:12:28 +0000] "GET / HTTP/1.1" 404 2118
::1 - - [09/Jul/2021:19:12:33 +0000] "GET /user HTTP/1.1" 404 2118
::1 - - [09/Jul/2021:19:12:38 +0000] "GET /user?admin=false HTTP/1.1" 404 2118
::1 - - [09/Jul/2021:19:13:13 +0000] "GET /user?admin=false HTTP/1.1" 200 24
::1 - - [09/Jul/2021:19:13:19 +0000] "GET /user?admin=true HTTP/1.1" 304 -
::1 - - [09/Jul/2021:19:14:38 +0000] "GET /recipe HTTP/1.1" 200 17
::1 - - [09/Jul/2021:19:14:42 +0000] "GET / HTTP/1.1" 404 2118
::1 - - [09/Jul/2021:19:14:48 +0000] "GET /MY HTTP/1.1" 404 2118
::1 - - [09/Jul/2021:19:15:41 +0000] "GET /MY HTTP/1.1" 404 2122
::1 - - [09/Jul/2021:19:20:25 +0000] "GET /MY HTTP/1.1" 404 1996
::1 - - [09/Jul/2021:19:20:38 +0000] "GET /MY HTTP/1.1" 404 1996
::1 - - [09/Jul/2021:19:21:35 +0000] "GET /MY HTTP/1.1" 404 141
::1 - - [09/Jul/2021:19:21:36 +0000] "GET /MY HTTP/1.1" 404 141
::1 - - [09/Jul/2021:19:21:44 +0000] "GET /MY HTTP/1.1" 404 141
::1 - - [09/Jul/2021:19:21:45 +0000] "GET /MY HTTP/1.1" 404 141
::1 - - [09/Jul/2021:19:22:32 +0000] "GET /MY HTTP/1.1" 404 141
::1 - - [09/Jul/2021:19:22:34 +0000] "GET / HTTP/1.1" 404 139
::1 - - [09/Jul/2021:19:22:43 +0000] "GET /recipe HTTP/1.1" 304 -
::1 - - [09/Jul/2021:19:23:02 +0000] "GET /recipe HTTP/1.1" 304 -
::1 - - [09/Jul/2021:19:23:03 +0000] "GET /recipe HTTP/1.1" 304 -
::1 - - [09/Jul/2021:19:23:03 +0000] "GET /recipe HTTP/1.1" 304 -
::1 - - [09/Jul/2021:19:23:09 +0000] "GET /recipe/panna HTTP/1.1" 404 2016
::1 - - [12/Jul/2021:09:59:19 +0000] "GET /recipe HTTP/1.1" 304 -
::1 - - [12/Jul/2021:09:59:19 +0000] "GET /favicon.ico HTTP/1.1" 404 2033
::1 - - [12/Jul/2021:09:59:22 +0000] "GET / HTTP/1.1" 404 2011
::1 - - [12/Jul/2021:11:49:22 +0000] "GET /recipe HTTP/1.1" 304 -
::1 - - [12/Jul/2021:11:49:22 +0000] "GET /favicon.ico HTTP/1.1" 404 72
::1 - - [12/Jul/2021:11:49:25 +0000] "GET / HTTP/1.1" 404 61
::1 - - [12/Jul/2021:11:49:40 +0000] "GET / HTTP/1.1" 404 61
::1 - - [12/Jul/2021:11:49:41 +0000] "GET / HTTP/1.1" 404 61
::1 - - [12/Jul/2021:11:49:43 +0000] "GET / HTTP/1.1" 404 61
::1 - - [12/Jul/2021:11:49:53 +0000] "GET /user HTTP/1.1" 404 65
::1 - - [12/Jul/2021:11:50:10 +0000] "GET /user HTTP/1.1" 404 2019
::1 - - [12/Jul/2021:11:50:18 +0000] "GET /user HTTP/1.1" 404 2019
::1 - - [12/Jul/2021:11:50:19 +0000] "GET /user HTTP/1.1" 404 2019
::1 - - [12/Jul/2021:11:50:19 +0000] "GET /user HTTP/1.1" 404 2019
::1 - - [12/Jul/2021:11:50:21 +0000] "GET / HTTP/1.1" 404 2011
::1 - - [12/Jul/2021:11:50:29 +0000] "GET / HTTP/1.1" 404 61
::1 - - [12/Jul/2021:14:58:55 +0000] "GET /createuser HTTP/1.1" 404 71
::1 - - [12/Jul/2021:15:00:08 +0000] "GET /createuser HTTP/1.1" 404 71
::1 - - [12/Jul/2021:15:00:31 +0000] "GET /createuser HTTP/1.1" 404 71
::1 - - [12/Jul/2021:15:00:45 +0000] "POST /createuser HTTP/1.1" 201 80
::1 - - [12/Jul/2021:15:01:43 +0000] "POST /createuser HTTP/1.1" 201 160
::1 - - [12/Jul/2021:15:18:58 +0000] "POST /createuser HTTP/1.1" 201 162
::1 - - [12/Jul/2021:15:19:33 +0000] "POST /createuser HTTP/1.1" 201 159
::1 - - [12/Jul/2021:15:23:01 +0000] "GET /getallusers HTTP/1.1" 200 566
::1 - - [12/Jul/2021:15:36:06 +0000] "GET /getuserbyid/60ec591d88ffb129fc40363f HTTP/1.1" 200 80
::1 - - [12/Jul/2021:15:44:38 +0000] "GET /getUserByName/Zlatan HTTP/1.1" 404 81
::1 - - [12/Jul/2021:15:45:04 +0000] "GET /getuserbyUserName/Zlatan HTTP/1.1" 404 85
::1 - - [12/Jul/2021:15:45:30 +0000] "GET /getuserbyUserName/ HTTP/1.1" 404 79
::1 - - [12/Jul/2021:15:46:05 +0000] "GET /getuserbyusername/zlatan HTTP/1.1" 404 85
::1 - - [12/Jul/2021:15:46:57 +0000] "GET /getuserbyusername/ HTTP/1.1" 404 79
::1 - - [12/Jul/2021:15:47:56 +0000] "GET /getuserbyusername/ HTTP/1.1" 404 79
::1 - - [12/Jul/2021:15:49:31 +0000] "GET /getuserbyusername/ HTTP/1.1" 500 130
::1 - - [12/Jul/2021:15:50:19 +0000] "GET /getuserbyusername/ HTTP/1.1" - -
::1 - - [12/Jul/2021:15:53:16 +0000] "GET /getuserbyusername/ HTTP/1.1" 404 79
::1 - - [12/Jul/2021:15:53:41 +0000] "GET /getuserbyusernamequery HTTP/1.1" 200 2
::1 - - [12/Jul/2021:15:53:48 +0000] "GET /getuserbyusernamequery HTTP/1.1" 200 2
::1 - - [12/Jul/2021:15:55:09 +0000] "GET /getuserbyusernamequery?username=Zlatan HTTP/1.1" 200 82
::1 - - [12/Jul/2021:15:55:29 +0000] "GET /getuserbyusernamequery?username=Zlatan HTTP/1.1" 200 82
::1 - - [12/Jul/2021:15:55:36 +0000] "GET /getuserbyusernamequery HTTP/1.1" 200 82
::1 - - [12/Jul/2021:15:55:40 +0000] "GET /getuserbyusernamequery HTTP/1.1" 200 82
::1 - - [12/Jul/2021:15:55:58 +0000] "GET /getuserbyusernamequery HTTP/1.1" 200 2
::1 - - [12/Jul/2021:15:56:10 +0000] "GET /getuserbyusernamequery?username=Zlatan HTTP/1.1" 200 82
::1 - - [12/Jul/2021:15:57:02 +0000] "GET /getuserbyusernamequery?username=Zlat HTTP/1.1" 200 2
::1 - - [12/Jul/2021:15:57:09 +0000] "GET /getuserbyusernamequery?username=Zlat HTTP/1.1" 200 2
::1 - - [12/Jul/2021:15:59:30 +0000] "GET /getuserbyusernamequery?username=Zlat HTTP/1.1" 404 35
::1 - - [12/Jul/2021:15:59:37 +0000] "GET /getuserbyusernamequery?username=Zlat HTTP/1.1" 404 36
::1 - - [12/Jul/2021:16:08:19 +0000] "GET /getall HTTP/1.1" 200 566
::1 - - [12/Jul/2021:16:09:03 +0000] "GET /update/60ec5d85cbe3790020ff2e13 HTTP/1.1" 200 159
::1 - - [12/Jul/2021:16:09:35 +0000] "GET /getuserbyid/60ec5d85cbe3790020ff2e13 HTTP/1.1" 200 162
::1 - - [12/Jul/2021:16:10:41 +0000] "GET /getuserbyid/60ec5d85cbe3790020ff2e15 HTTP/1.1" 200 0
::1 - - [12/Jul/2021:16:10:44 +0000] "GET /getuserbyid/60ec5d85cbe3790020ff2e15 HTTP/1.1" 200 0
::1 - - [12/Jul/2021:16:11:08 +0000] "GET /update/60ec5d85cbe3790020ff2e15 HTTP/1.1" 500 135
::1 - - [12/Jul/2021:16:11:22 +0000] "GET /update/60ec5d85cbe3790020ff2e15 HTTP/1.1" 500 87
::1 - - [12/Jul/2021:16:13:11 +0000] "GET /getall HTTP/1.1" 200 569
::1 - - [12/Jul/2021:16:14:09 +0000] "GET /update/60ec5d62cbe3790020ff2e11 HTTP/1.1" - -
::1 - - [12/Jul/2021:16:15:03 +0000] "GET /update/60ec5d62cbe3790020ff2e11 HTTP/1.1" - -
::1 - - [12/Jul/2021:16:15:27 +0000] "GET /update/60ec5d62cbe3790020ff2e11 HTTP/1.1" - -
::1 - - [12/Jul/2021:16:15:44 +0000] "GET /update/60ec5d62cbe3790020ff2e11 HTTP/1.1" - -
::1 - - [12/Jul/2021:16:17:44 +0000] "GET /update/60ec5d62cbe3790020ff2e11 HTTP/1.1" - -
::1 - - [12/Jul/2021:16:18:17 +0000] "GET /update/60ec5d62cbe3790020ff2e11 HTTP/1.1" - -
::1 - - [12/Jul/2021:16:19:08 +0000] "GET /update/60ec5d62cbe3790020ff2e11 HTTP/1.1" - -
::1 - - [12/Jul/2021:16:21:50 +0000] "GET /update/60ec5d62cbe3790020ff2e11 HTTP/1.1" 200 123
::1 - - [12/Jul/2021:16:22:01 +0000] "GET /update/60ec5d62cbe3790020ff2e11 HTTP/1.1" 200 123
::1 - - [12/Jul/2021:16:22:08 +0000] "GET /update/60ec5d62cbe3790020ff2e11 HTTP/1.1" 200 113
::1 - - [12/Jul/2021:16:23:15 +0000] "GET /update/60ec5d62cbe3790020ff2e11 HTTP/1.1" 404 92
::1 - - [12/Jul/2021:16:23:22 +0000] "PATCH /update/60ec5d62cbe3790020ff2e11 HTTP/1.1" 200 113
::1 - - [12/Jul/2021:16:23:40 +0000] "PATCH /update/60ec5d62cbe3790020ff2e11 HTTP/1.1" 404 92
::1 - - [12/Jul/2021:16:23:44 +0000] "PUT /update/60ec5d62cbe3790020ff2e11 HTTP/1.1" 200 113
::1 - - [12/Jul/2021:16:25:03 +0000] "PUT /update/60ec5d62cbe3790020ff2e11 HTTP/1.1" 404 92
::1 - - [12/Jul/2021:16:25:11 +0000] "PUT /user/60ec5d62cbe3790020ff2e11 HTTP/1.1" 200 113
::1 - - [12/Jul/2021:16:25:50 +0000] "PUT /user/60ec5d62cbe3790020ff2e11 HTTP/1.1" 200 113
::1 - - [12/Jul/2021:16:27:09 +0000] "PUT /user/60ec5d62cbe3790020ff2e11 HTTP/1.1" 200 118
::1 - - [12/Jul/2021:16:27:14 +0000] "PUT /user/60ec5d62cbe3790020ff2e11 HTTP/1.1" 200 113
::1 - - [12/Jul/2021:16:27:39 +0000] "PUT /user/60ec5d62cbe3790020ff2e11 HTTP/1.1" 200 113
::1 - - [12/Jul/2021:16:29:00 +0000] "PUT /user/60ec5d62cbe3790020ff2e11 HTTP/1.1" 200 152
::1 - - [12/Jul/2021:16:29:48 +0000] "PUT /user/60ec5d62cbe3790020ff2e11 HTTP/1.1" 200 152
::1 - - [12/Jul/2021:16:30:02 +0000] "PUT /user/60ec5d62cbe3790020ff2e11 HTTP/1.1" 200 152
::1 - - [12/Jul/2021:16:31:10 +0000] "PUT /user/60ec5d62cbe3790020ff2e11 HTTP/1.1" 400 40
::1 - - [12/Jul/2021:16:55:38 +0000] "PUT /delete/60ec5d62cbe3790020ff2e11 HTTP/1.1" 404 92
::1 - - [12/Jul/2021:16:55:49 +0000] "PUT /getall/60ec5d62cbe3790020ff2e11 HTTP/1.1" 404 92
::1 - - [12/Jul/2021:16:55:53 +0000] "PUT /getall/ HTTP/1.1" 404 68
::1 - - [12/Jul/2021:16:55:57 +0000] "GET /getall/ HTTP/1.1" 200 592
::1 - - [12/Jul/2021:16:56:06 +0000] "DELETE /getall/60ec5d62cbe3790020ff2e11 HTTP/1.1" 404 92
::1 - - [12/Jul/2021:16:59:06 +0000] "GET /getall HTTP/1.1" 200 592
::1 - - [12/Jul/2021:16:59:38 +0000] "DELETE /delete/60ec591d88ffb129fc40363f HTTP/1.1" 200 72
::1 - - [12/Jul/2021:16:59:59 +0000] "DELETE /delete/60ec591d88ffb129fc40363f HTTP/1.1" 500 102
::1 - - [12/Jul/2021:17:00:34 +0000] "DELETE /delete/60ec591d88ffb129fc40363f HTTP/1.1" 500 82
::1 - - [12/Jul/2021:17:00:50 +0000] "DELETE /delete/60ec591d88ffb129fc40363f HTTP/1.1" 500 97
::1 - - [12/Jul/2021:17:02:06 +0000] "GET /getall HTTP/1.1" 200 478
::1 - - [12/Jul/2021:17:02:19 +0000] "DELETE /delete/60ec5d62cbe3790020ff2e11 HTTP/1.1" 200 72
::1 - - [12/Jul/2021:17:08:56 +0000] "GET /getall HTTP/1.1" 200 325
